-------------------------------------------------------------------------------
Test set: progassmentcom.quickchat.MessageTest
-------------------------------------------------------------------------------
Tests run: 22, Failures: 1, Errors: 0, Skipped: 0, Time elapsed: 0.114 s <<< FAILURE! -- in progassmentcom.quickchat.MessageTest
progassmentcom.quickchat.MessageTest.testMessageHashWithSpecificID -- Time elapsed: 0.021 s <<< FAILURE!
org.opentest4j.AssertionFailedError: expected: <00:0:HITONIGHT> but was: <00:0:HITONIGHT?>
	at org.junit.jupiter.api.AssertionFailureBuilder.build(AssertionFailureBuilder.java:151)
	at org.junit.jupiter.api.AssertionFailureBuilder.buildAndThrow(AssertionFailureBuilder.java:132)
	at org.junit.jupiter.api.AssertEquals.failNotEqual(AssertEquals.java:197)
	at org.junit.jupiter.api.AssertEquals.assertEquals(AssertEquals.java:182)
	at org.junit.jupiter.api.AssertEquals.assertEquals(AssertEquals.java:177)
	at org.junit.jupiter.api.Assertions.assertEquals(Assertions.java:1145)
	at progassmentcom.quickchat.MessageTest.testMessageHashWithSpecificID(MessageTest.java:59)
	at java.base/java.lang.reflect.Method.invoke(Method.java:580)
	at java.base/java.util.ArrayList.forEach(ArrayList.java:1596)
	at java.base/java.util.ArrayList.forEach(ArrayList.java:1596)

