-------------------------------------------------------------------------------
Test set: progassmentcom.quickchat.QuickChatTest
-------------------------------------------------------------------------------
Tests run: 19, Failures: 0, Errors: 1, Skipped: 0, Time elapsed: 0.090 s <<< FAILURE! -- in progassmentcom.quickchat.QuickChatTest
progassmentcom.quickchat.QuickChatTest.testDeleteByHashInSentMessages -- Time elapsed: 0.006 s <<< ERROR!
java.lang.NullPointerException: Cannot invoke "java.util.Scanner.nextLine()" because "scanner" is null
	at progassmentcom.quickchat.QuickChat.deleteByHash(QuickChat.java:231)
	at progassmentcom.quickchat.QuickChatTest.testDeleteByHashInSentMessages(QuickChatTest.java:121)
	at java.base/java.lang.reflect.Method.invoke(Method.java:580)
	at java.base/java.util.ArrayList.forEach(ArrayList.java:1596)
	at java.base/java.util.ArrayList.forEach(ArrayList.java:1596)

